# Preference setting overrides
gui_create_pref_key -category {Globals} -key {load_detail_for_funcov} -value_type {bool} -value {false}

# State setting overrides
gui_state_default_create -off -ini
gui_set_state_value -category Globals -key recent_databases -value {{gui_open_db -file dump.vcd} {gui_open_db -file dump.vcd -design V1}}
gui_set_state_value -category Globals -key recent_sessions -value {{gui_load_session -ignore_errors -file /tmp/kylee/EE272B/AES/design/sexysession.tcl -ignore_errors} {gui_load_session -ignore_errors -file /tmp/kylee/EE272B/AES/design/sexysession.tcl}}
gui_set_state_value -category Layout -key child_console_size_x -value 1309
gui_set_state_value -category Layout -key child_console_size_y -value 159
gui_set_state_value -category Layout -key child_data_size_x -value 154
gui_set_state_value -category Layout -key child_data_size_y -value 468
gui_set_state_value -category Layout -key child_hier_col3 -value {-1}
gui_set_state_value -category Layout -key child_hier_colpd -value 0
gui_set_state_value -category Layout -key child_hier_size_x -value 154
gui_set_state_value -category Layout -key child_hier_size_y -value 468
gui_set_state_value -category Layout -key child_source_docknewline -value false
gui_set_state_value -category Layout -key child_source_pos_x -value {-2}
gui_set_state_value -category Layout -key child_source_pos_y -value {-17}
gui_set_state_value -category Layout -key child_source_size_x -value 1004
gui_set_state_value -category Layout -key child_source_size_y -value 464
gui_set_state_value -category Layout -key child_wave_colname -value 184
gui_set_state_value -category Layout -key child_wave_colvalue -value 184
gui_set_state_value -category Layout -key child_wave_left -value 373
gui_set_state_value -category Layout -key child_wave_right -value 911
gui_set_state_value -category Layout -key main_pos_x -value 61
gui_set_state_value -category Layout -key main_pos_y -value 22
gui_set_state_value -category Layout -key main_size_x -value 1370
gui_set_state_value -category Layout -key main_size_y -value 763
gui_set_state_value -category Layout -key stand_wave_child_docknewline -value false
gui_set_state_value -category Layout -key stand_wave_child_pos_x -value {-2}
gui_set_state_value -category Layout -key stand_wave_child_pos_y -value {-17}
gui_set_state_value -category Layout -key stand_wave_child_size_x -value 1294
gui_set_state_value -category Layout -key stand_wave_child_size_y -value 561
gui_set_state_value -category Layout -key stand_wave_top_pos_x -value 80
gui_set_state_value -category Layout -key stand_wave_top_pos_y -value 446
gui_set_state_value -category Layout -key stand_wave_top_size_x -value 1369
gui_set_state_value -category Layout -key stand_wave_top_size_y -value 1125
gui_create_state_key -category FindDialog -key m_pMatchCase -value_type bool -value false
gui_create_state_key -category FindDialog -key m_pMatchWord -value_type bool -value false
gui_create_state_key -category FindDialog -key m_pUseCombo -value_type string -value {}
gui_create_state_key -category FindDialog -key m_pWrapAround -value_type bool -value true
gui_state_default_create -off

# Begin command logging
gui_open_db -file dump.vcd
gui_list_expand -id  Hier.1   AESTopTb
gui_list_expand -id  Hier.1   AESTopTb.AESTop_inst
gui_list_select -id Hier.1 -current_item_name AESTopTb.AESTop_inst.AESEncrypt_inst -current_item_type Scope  -selected  { AESTopTb.AESTop_inst.AESEncrypt_inst   }
gui_list_expand -id  Hier.1   AESTopTb.AESTop_inst.AESEncrypt_inst
gui_list_select -id Data.1 -selected  { {AESTopTb.AESTop_inst.AESEncrypt_inst.EncryptRound.data_in[127:0]}   }
gui_list_select -id Data.1 -selected  { {AESTopTb.AESTop_inst.AESEncrypt_inst.EncryptRound.data_in[127:0]}  {AESTopTb.AESTop_inst.AESEncrypt_inst.EncryptRound.key[127:0]}  {AESTopTb.AESTop_inst.AESEncrypt_inst.EncryptRound.data_out[127:0]}   }
gui_open_window Wave
gui_list_add -id Wave.1 -from Data.1 { {AESTopTb.AESTop_inst.AESEncrypt_inst.EncryptRound.data_in[127:0]} {AESTopTb.AESTop_inst.AESEncrypt_inst.EncryptRound.key[127:0]} {AESTopTb.AESTop_inst.AESEncrypt_inst.EncryptRound.data_out[127:0]} } -insertionbar
gui_zoom -window Wave.1 -full
gui_zoom -window Wave.1 -full
gui_zoom -window Wave.1 -full
gui_zoom -window Wave.1 -full
gui_zoom -window Wave.1 -full
gui_marker_move -id  Wave.1 C1 2247551
gui_close_window -window TopLevel.2
gui_list_select -id Data.1 -selected  { {AESTopTb.AESTop_inst.AESEncrypt_inst.clk[0:0]}   }
gui_list_select -id Data.1 -selected  { {AESTopTb.AESTop_inst.AESEncrypt_inst.clk[0:0]}  {AESTopTb.AESTop_inst.AESEncrypt_inst.rst[0:0]}  {AESTopTb.AESTop_inst.AESEncrypt_inst.ready[0:0]}  {AESTopTb.AESTop_inst.AESEncrypt_inst.data_in[127:0]}  {AESTopTb.AESTop_inst.AESEncrypt_inst.key[14:0][127:0]}  {AESTopTb.AESTop_inst.AESEncrypt_inst.data_out[127:0]}   }
gui_open_window Wave
gui_list_add -id Wave.1 -from Data.1 { {AESTopTb.AESTop_inst.AESEncrypt_inst.clk[0:0]} {AESTopTb.AESTop_inst.AESEncrypt_inst.rst[0:0]} {AESTopTb.AESTop_inst.AESEncrypt_inst.ready[0:0]} {AESTopTb.AESTop_inst.AESEncrypt_inst.data_in[127:0]} {AESTopTb.AESTop_inst.AESEncrypt_inst.key[14:0][127:0]} {AESTopTb.AESTop_inst.AESEncrypt_inst.data_out[127:0]} } -insertionbar
gui_zoom -window Wave.1 -full
gui_close_window -window TopLevel.2
gui_list_select -id Data.1 -selected  { {AESTopTb.AESTop_inst.clk[0:0]}   }
gui_list_select -id Data.1 -selected  { {AESTopTb.AESTop_inst.clk[0:0]}  {AESTopTb.AESTop_inst.rst[0:0]}  {AESTopTb.AESTop_inst.input_valid[0:0]}  {AESTopTb.AESTop_inst.output_ready[0:0]}  {AESTopTb.AESTop_inst.opcode[6:0]}  {AESTopTb.AESTop_inst.data_in[255:0]}  {AESTopTb.AESTop_inst.data_out[127:0]}  {AESTopTb.AESTop_inst.input_ready[0:0]}  {AESTopTb.AESTop_inst.output_valid[0:0]}  {AESTopTb.AESTop_inst.busy[0:0]}   }
gui_open_window Wave
gui_list_add -id Wave.1 -from Data.1 { {AESTopTb.AESTop_inst.clk[0:0]} {AESTopTb.AESTop_inst.rst[0:0]} {AESTopTb.AESTop_inst.input_valid[0:0]} {AESTopTb.AESTop_inst.output_ready[0:0]} {AESTopTb.AESTop_inst.opcode[6:0]} {AESTopTb.AESTop_inst.data_in[255:0]} {AESTopTb.AESTop_inst.data_out[127:0]} {AESTopTb.AESTop_inst.input_ready[0:0]} {AESTopTb.AESTop_inst.output_valid[0:0]} {AESTopTb.AESTop_inst.busy[0:0]} } -insertionbar
gui_zoom -window Wave.1 -full
gui_marker_move -id  Wave.1 C1 2496288
gui_close_window -window TopLevel.2
